6月 18, 2021 9:06:22 下午 org.apache.catalina.startup.VersionLoggerListener log
信息: Server.服务器版本: Apache Tomcat/7.0.109
6月 18, 2021 9:06:22 下午 org.apache.catalina.startup.VersionLoggerListener log
信息: 服务器构建:        Apr 22 2021 18:43:38 UTC
6月 18, 2021 9:06:22 下午 org.apache.catalina.startup.VersionLoggerListener log
信息: 服务器版本号:      7.0.109.0
6月 18, 2021 9:06:22 下午 org.apache.catalina.startup.VersionLoggerListener log
信息: 操作系统名称:      Mac OS X
6月 18, 2021 9:06:22 下午 org.apache.catalina.startup.VersionLoggerListener log
信息: OS.版本:           10.16
6月 18, 2021 9:06:22 下午 org.apache.catalina.startup.VersionLoggerListener log
信息: 架构:              x86_64
6月 18, 2021 9:06:22 下午 org.apache.catalina.startup.VersionLoggerListener log
信息: Java 环境变量:     /Library/Java/JavaVirtualMachines/jdk-11.0.11.jdk/Contents/Home
6月 18, 2021 9:06:22 下午 org.apache.catalina.startup.VersionLoggerListener log
信息: Java虚拟机版本:    11.0.11+9-LTS-194
6月 18, 2021 9:06:22 下午 org.apache.catalina.startup.VersionLoggerListener log
信息: JVM.供应商:        Oracle Corporation
6月 18, 2021 9:06:22 下午 org.apache.catalina.startup.VersionLoggerListener log
信息: CATALINA_BASE:     /Users/lovixk/test/tomcat_notes/apache-tomcat-7.0.109
6月 18, 2021 9:06:22 下午 org.apache.catalina.startup.VersionLoggerListener log
信息: CATALINA_HOME:     /Users/lovixk/test/tomcat_notes/apache-tomcat-7.0.109
6月 18, 2021 9:06:22 下午 org.apache.catalina.startup.VersionLoggerListener log
信息: 命令行参数：       --add-opens=java.base/java.lang=ALL-UNNAMED
6月 18, 2021 9:06:22 下午 org.apache.catalina.startup.VersionLoggerListener log
信息: 命令行参数：       --add-opens=java.base/java.io=ALL-UNNAMED
6月 18, 2021 9:06:22 下午 org.apache.catalina.startup.VersionLoggerListener log
信息: 命令行参数：       --add-opens=java.base/java.util=ALL-UNNAMED
6月 18, 2021 9:06:22 下午 org.apache.catalina.startup.VersionLoggerListener log
信息: 命令行参数：       --add-opens=java.base/java.util.concurrent=ALL-UNNAMED
6月 18, 2021 9:06:22 下午 org.apache.catalina.startup.VersionLoggerListener log
信息: 命令行参数：       --add-opens=java.rmi/sun.rmi.transport=ALL-UNNAMED
6月 18, 2021 9:06:22 下午 org.apache.catalina.startup.VersionLoggerListener log
信息: 命令行参数：       -Djava.util.logging.config.file=/Users/lovixk/test/tomcat_notes/apache-tomcat-7.0.109/conf/logging.properties
6月 18, 2021 9:06:22 下午 org.apache.catalina.startup.VersionLoggerListener log
信息: 命令行参数：       -Djava.util.logging.manager=org.apache.juli.ClassLoaderLogManager
6月 18, 2021 9:06:22 下午 org.apache.catalina.startup.VersionLoggerListener log
信息: 命令行参数：       -Djdk.tls.ephemeralDHKeySize=2048
6月 18, 2021 9:06:22 下午 org.apache.catalina.startup.VersionLoggerListener log
信息: 命令行参数：       -Dorg.apache.catalina.security.SecurityListener.UMASK=0027
6月 18, 2021 9:06:22 下午 org.apache.catalina.startup.VersionLoggerListener log
信息: 命令行参数：       -Dignore.endorsed.dirs=
6月 18, 2021 9:06:22 下午 org.apache.catalina.startup.VersionLoggerListener log
信息: 命令行参数：       -Dcatalina.base=/Users/lovixk/test/tomcat_notes/apache-tomcat-7.0.109
6月 18, 2021 9:06:22 下午 org.apache.catalina.startup.VersionLoggerListener log
信息: 命令行参数：       -Dcatalina.home=/Users/lovixk/test/tomcat_notes/apache-tomcat-7.0.109
6月 18, 2021 9:06:22 下午 org.apache.catalina.startup.VersionLoggerListener log
信息: 命令行参数：       -Djava.io.tmpdir=/Users/lovixk/test/tomcat_notes/apache-tomcat-7.0.109/temp
6月 18, 2021 9:06:22 下午 org.apache.catalina.core.AprLifecycleListener lifecycleEvent
信息: 在java.library.path:[/Users/lovixk/Library/Java/Extensions:/Library/Java/Extensions:/Network/Library/Java/Extensions:/System/Library/Java/Extensions:/usr/lib/java:.]上找不到基于APR的Apache Tomcat本机库，该库允许在生产环境中获得最佳性能
6月 18, 2021 9:06:22 下午 org.apache.coyote.AbstractProtocol init
信息: 初始化协议处理器 ["http-bio-8080"]
6月 18, 2021 9:06:22 下午 org.apache.catalina.startup.Catalina load
信息: Initialization processed in 1293 ms
6月 18, 2021 9:06:22 下午 org.apache.catalina.core.StandardService startInternal
信息: 正在启动服务[Catalina]
6月 18, 2021 9:06:22 下午 org.apache.catalina.core.StandardEngine startInternal
信息: Starting Servlet Engine: Apache Tomcat/7.0.109
6月 18, 2021 9:06:22 下午 org.apache.catalina.startup.HostConfig deployDirectory
信息: 把web 应用程序部署到目录 [/Users/lovixk/test/tomcat_notes/apache-tomcat-7.0.109/webapps/docs]
6月 18, 2021 9:06:23 下午 org.apache.catalina.startup.HostConfig deployDirectory
信息: Web应用程序目录[/Users/lovixk/test/tomcat_notes/apache-tomcat-7.0.109/webapps/docs]的部署已在[718]毫秒内完成
6月 18, 2021 9:06:23 下午 org.apache.catalina.startup.HostConfig deployDirectory
信息: 把web 应用程序部署到目录 [/Users/lovixk/test/tomcat_notes/apache-tomcat-7.0.109/webapps/manager]
6月 18, 2021 9:06:23 下午 org.apache.catalina.startup.HostConfig deployDirectory
信息: Web应用程序目录[/Users/lovixk/test/tomcat_notes/apache-tomcat-7.0.109/webapps/manager]的部署已在[175]毫秒内完成
6月 18, 2021 9:06:23 下午 org.apache.catalina.startup.HostConfig deployDirectory
信息: 把web 应用程序部署到目录 [/Users/lovixk/test/tomcat_notes/apache-tomcat-7.0.109/webapps/examples]
6月 18, 2021 9:06:23 下午 org.apache.catalina.startup.HostConfig deployDirectory
信息: Web应用程序目录[/Users/lovixk/test/tomcat_notes/apache-tomcat-7.0.109/webapps/examples]的部署已在[427]毫秒内完成
6月 18, 2021 9:06:23 下午 org.apache.catalina.startup.HostConfig deployDirectory
信息: 把web 应用程序部署到目录 [/Users/lovixk/test/tomcat_notes/apache-tomcat-7.0.109/webapps/ROOT]
6月 18, 2021 9:06:23 下午 org.apache.catalina.startup.HostConfig deployDirectory
信息: Web应用程序目录[/Users/lovixk/test/tomcat_notes/apache-tomcat-7.0.109/webapps/ROOT]的部署已在[66]毫秒内完成
6月 18, 2021 9:06:23 下午 org.apache.catalina.startup.HostConfig deployDirectory
信息: 把web 应用程序部署到目录 [/Users/lovixk/test/tomcat_notes/apache-tomcat-7.0.109/webapps/host-manager]
6月 18, 2021 9:06:24 下午 org.apache.catalina.startup.HostConfig deployDirectory
信息: Web应用程序目录[/Users/lovixk/test/tomcat_notes/apache-tomcat-7.0.109/webapps/host-manager]的部署已在[75]毫秒内完成
6月 18, 2021 9:06:24 下午 org.apache.catalina.startup.HostConfig deployDirectory
信息: 把web 应用程序部署到目录 [/Users/lovixk/test/tomcat_notes/apache-tomcat-7.0.109/webapps/web1]
6月 18, 2021 9:06:24 下午 org.apache.catalina.startup.HostConfig deployDirectory
信息: Web应用程序目录[/Users/lovixk/test/tomcat_notes/apache-tomcat-7.0.109/webapps/web1]的部署已在[53]毫秒内完成
6月 18, 2021 9:06:24 下午 org.apache.coyote.AbstractProtocol start
信息: 开始协议处理句柄["http-bio-8080"]
6月 18, 2021 9:06:24 下午 org.apache.catalina.startup.Catalina start
信息: Server startup in 1757 ms
6月 18, 2021 9:50:41 下午 org.apache.catalina.core.StandardServer await
信息: 通过关闭端口接收到有效的关闭命令。正在停止服务器实例。
6月 18, 2021 9:50:41 下午 org.apache.coyote.AbstractProtocol pause
信息: 暂停ProtocolHandler["http-bio-8080"]
6月 18, 2021 9:50:41 下午 org.apache.catalina.core.StandardService stopInternal
信息: 正在停止服务[Catalina]
6月 18, 2021 9:50:41 下午 org.apache.coyote.AbstractProtocol stop
信息: 正在停止ProtocolHandler ["http-bio-8080"]
6月 18, 2021 9:50:41 下午 org.apache.coyote.AbstractProtocol destroy
信息: 正在摧毁协议处理器 ["http-bio-8080"]
6月 18, 2021 9:51:10 下午 org.apache.catalina.core.StandardContext setPath
警告: 上下文路径必须是空字符串或以'/'开头，而不能以'/'结尾。路径[web2]不符合这些条件，已更改为[/web2]
6月 18, 2021 9:51:10 下午 org.apache.catalina.startup.VersionLoggerListener log
信息: Server.服务器版本: Apache Tomcat/7.0.109
6月 18, 2021 9:51:10 下午 org.apache.catalina.startup.VersionLoggerListener log
信息: 服务器构建:        Apr 22 2021 18:43:38 UTC
6月 18, 2021 9:51:10 下午 org.apache.catalina.startup.VersionLoggerListener log
信息: 服务器版本号:      7.0.109.0
6月 18, 2021 9:51:10 下午 org.apache.catalina.startup.VersionLoggerListener log
信息: 操作系统名称:      Mac OS X
6月 18, 2021 9:51:10 下午 org.apache.catalina.startup.VersionLoggerListener log
信息: OS.版本:           10.16
6月 18, 2021 9:51:10 下午 org.apache.catalina.startup.VersionLoggerListener log
信息: 架构:              x86_64
6月 18, 2021 9:51:10 下午 org.apache.catalina.startup.VersionLoggerListener log
信息: Java 环境变量:     /Library/Java/JavaVirtualMachines/jdk-11.0.11.jdk/Contents/Home
6月 18, 2021 9:51:10 下午 org.apache.catalina.startup.VersionLoggerListener log
信息: Java虚拟机版本:    11.0.11+9-LTS-194
6月 18, 2021 9:51:10 下午 org.apache.catalina.startup.VersionLoggerListener log
信息: JVM.供应商:        Oracle Corporation
6月 18, 2021 9:51:10 下午 org.apache.catalina.startup.VersionLoggerListener log
信息: CATALINA_BASE:     /Users/lovixk/test/tomcat_notes/apache-tomcat-7.0.109
6月 18, 2021 9:51:10 下午 org.apache.catalina.startup.VersionLoggerListener log
信息: CATALINA_HOME:     /Users/lovixk/test/tomcat_notes/apache-tomcat-7.0.109
6月 18, 2021 9:51:10 下午 org.apache.catalina.startup.VersionLoggerListener log
信息: 命令行参数：       --add-opens=java.base/java.lang=ALL-UNNAMED
6月 18, 2021 9:51:10 下午 org.apache.catalina.startup.VersionLoggerListener log
信息: 命令行参数：       --add-opens=java.base/java.io=ALL-UNNAMED
6月 18, 2021 9:51:10 下午 org.apache.catalina.startup.VersionLoggerListener log
信息: 命令行参数：       --add-opens=java.base/java.util=ALL-UNNAMED
6月 18, 2021 9:51:10 下午 org.apache.catalina.startup.VersionLoggerListener log
信息: 命令行参数：       --add-opens=java.base/java.util.concurrent=ALL-UNNAMED
6月 18, 2021 9:51:10 下午 org.apache.catalina.startup.VersionLoggerListener log
信息: 命令行参数：       --add-opens=java.rmi/sun.rmi.transport=ALL-UNNAMED
6月 18, 2021 9:51:10 下午 org.apache.catalina.startup.VersionLoggerListener log
信息: 命令行参数：       -Djava.util.logging.config.file=/Users/lovixk/test/tomcat_notes/apache-tomcat-7.0.109/conf/logging.properties
6月 18, 2021 9:51:10 下午 org.apache.catalina.startup.VersionLoggerListener log
信息: 命令行参数：       -Djava.util.logging.manager=org.apache.juli.ClassLoaderLogManager
6月 18, 2021 9:51:10 下午 org.apache.catalina.startup.VersionLoggerListener log
信息: 命令行参数：       -Djdk.tls.ephemeralDHKeySize=2048
6月 18, 2021 9:51:10 下午 org.apache.catalina.startup.VersionLoggerListener log
信息: 命令行参数：       -Dorg.apache.catalina.security.SecurityListener.UMASK=0027
6月 18, 2021 9:51:10 下午 org.apache.catalina.startup.VersionLoggerListener log
信息: 命令行参数：       -Dignore.endorsed.dirs=
6月 18, 2021 9:51:10 下午 org.apache.catalina.startup.VersionLoggerListener log
信息: 命令行参数：       -Dcatalina.base=/Users/lovixk/test/tomcat_notes/apache-tomcat-7.0.109
6月 18, 2021 9:51:10 下午 org.apache.catalina.startup.VersionLoggerListener log
信息: 命令行参数：       -Dcatalina.home=/Users/lovixk/test/tomcat_notes/apache-tomcat-7.0.109
6月 18, 2021 9:51:10 下午 org.apache.catalina.startup.VersionLoggerListener log
信息: 命令行参数：       -Djava.io.tmpdir=/Users/lovixk/test/tomcat_notes/apache-tomcat-7.0.109/temp
6月 18, 2021 9:51:10 下午 org.apache.catalina.core.AprLifecycleListener lifecycleEvent
信息: 在java.library.path:[/Users/lovixk/Library/Java/Extensions:/Library/Java/Extensions:/Network/Library/Java/Extensions:/System/Library/Java/Extensions:/usr/lib/java:.]上找不到基于APR的Apache Tomcat本机库，该库允许在生产环境中获得最佳性能
6月 18, 2021 9:51:11 下午 org.apache.coyote.AbstractProtocol init
信息: 初始化协议处理器 ["http-bio-8080"]
6月 18, 2021 9:51:11 下午 org.apache.catalina.startup.Catalina load
信息: Initialization processed in 1247 ms
6月 18, 2021 9:51:11 下午 org.apache.catalina.core.StandardService startInternal
信息: 正在启动服务[Catalina]
6月 18, 2021 9:51:11 下午 org.apache.catalina.core.StandardEngine startInternal
信息: Starting Servlet Engine: Apache Tomcat/7.0.109
6月 18, 2021 9:51:11 下午 org.apache.catalina.startup.HostConfig deployDirectory
信息: 把web 应用程序部署到目录 [/Users/lovixk/test/tomcat_notes/apache-tomcat-7.0.109/webapps/docs]
6月 18, 2021 9:51:12 下午 org.apache.catalina.startup.HostConfig deployDirectory
信息: Web应用程序目录[/Users/lovixk/test/tomcat_notes/apache-tomcat-7.0.109/webapps/docs]的部署已在[116]毫秒内完成
6月 18, 2021 9:51:12 下午 org.apache.catalina.startup.HostConfig deployDirectory
信息: 把web 应用程序部署到目录 [/Users/lovixk/test/tomcat_notes/apache-tomcat-7.0.109/webapps/manager]
6月 18, 2021 9:51:12 下午 org.apache.catalina.startup.HostConfig deployDirectory
信息: Web应用程序目录[/Users/lovixk/test/tomcat_notes/apache-tomcat-7.0.109/webapps/manager]的部署已在[133]毫秒内完成
6月 18, 2021 9:51:12 下午 org.apache.catalina.startup.HostConfig deployDirectory
信息: 把web 应用程序部署到目录 [/Users/lovixk/test/tomcat_notes/apache-tomcat-7.0.109/webapps/examples]
6月 18, 2021 9:51:12 下午 org.apache.catalina.startup.HostConfig deployDirectory
信息: Web应用程序目录[/Users/lovixk/test/tomcat_notes/apache-tomcat-7.0.109/webapps/examples]的部署已在[401]毫秒内完成
6月 18, 2021 9:51:12 下午 org.apache.catalina.startup.HostConfig deployDirectory
信息: 把web 应用程序部署到目录 [/Users/lovixk/test/tomcat_notes/apache-tomcat-7.0.109/webapps/ROOT]
6月 18, 2021 9:51:12 下午 org.apache.catalina.startup.HostConfig deployDirectory
信息: Web应用程序目录[/Users/lovixk/test/tomcat_notes/apache-tomcat-7.0.109/webapps/ROOT]的部署已在[61]毫秒内完成
6月 18, 2021 9:51:12 下午 org.apache.catalina.startup.HostConfig deployDirectory
信息: 把web 应用程序部署到目录 [/Users/lovixk/test/tomcat_notes/apache-tomcat-7.0.109/webapps/host-manager]
6月 18, 2021 9:51:12 下午 org.apache.catalina.startup.HostConfig deployDirectory
信息: Web应用程序目录[/Users/lovixk/test/tomcat_notes/apache-tomcat-7.0.109/webapps/host-manager]的部署已在[52]毫秒内完成
6月 18, 2021 9:51:12 下午 org.apache.catalina.startup.HostConfig deployDirectory
信息: 把web 应用程序部署到目录 [/Users/lovixk/test/tomcat_notes/apache-tomcat-7.0.109/webapps/web1]
6月 18, 2021 9:51:12 下午 org.apache.catalina.startup.HostConfig deployDirectory
信息: Web应用程序目录[/Users/lovixk/test/tomcat_notes/apache-tomcat-7.0.109/webapps/web1]的部署已在[44]毫秒内完成
6月 18, 2021 9:51:12 下午 org.apache.coyote.AbstractProtocol start
信息: 开始协议处理句柄["http-bio-8080"]
6月 18, 2021 9:51:12 下午 org.apache.catalina.startup.Catalina start
信息: Server startup in 1732 ms
6月 18, 2021 10:03:03 下午 org.apache.catalina.startup.HostConfig deployDescriptor
信息: 正在部署部署描述符[/Users/lovixk/test/tomcat_notes/apache-tomcat-7.0.109/conf/Catalina/localhost/web3.xml]。
6月 18, 2021 10:03:03 下午 org.apache.tomcat.util.digester.Digester fatalError
严重: Parse Fatal Error at line 1 column 1: 文件提前结束。
org.xml.sax.SAXParseException; lineNumber: 1; columnNumber: 1; 文件提前结束。
	at java.xml/com.sun.org.apache.xerces.internal.util.ErrorHandlerWrapper.createSAXParseException(ErrorHandlerWrapper.java:204)
	at java.xml/com.sun.org.apache.xerces.internal.util.ErrorHandlerWrapper.fatalError(ErrorHandlerWrapper.java:178)
	at java.xml/com.sun.org.apache.xerces.internal.impl.XMLErrorReporter.reportError(XMLErrorReporter.java:400)
	at java.xml/com.sun.org.apache.xerces.internal.impl.XMLErrorReporter.reportError(XMLErrorReporter.java:327)
	at java.xml/com.sun.org.apache.xerces.internal.impl.XMLScanner.reportFatalError(XMLScanner.java:1471)
	at java.xml/com.sun.org.apache.xerces.internal.impl.XMLDocumentScannerImpl$PrologDriver.next(XMLDocumentScannerImpl.java:1013)
	at java.xml/com.sun.org.apache.xerces.internal.impl.XMLDocumentScannerImpl.next(XMLDocumentScannerImpl.java:605)
	at java.xml/com.sun.org.apache.xerces.internal.impl.XMLDocumentFragmentScannerImpl.scanDocument(XMLDocumentFragmentScannerImpl.java:534)
	at java.xml/com.sun.org.apache.xerces.internal.parsers.XML11Configuration.parse(XML11Configuration.java:888)
	at java.xml/com.sun.org.apache.xerces.internal.parsers.XML11Configuration.parse(XML11Configuration.java:824)
	at java.xml/com.sun.org.apache.xerces.internal.parsers.XMLParser.parse(XMLParser.java:141)
	at java.xml/com.sun.org.apache.xerces.internal.parsers.AbstractSAXParser.parse(AbstractSAXParser.java:1216)
	at java.xml/com.sun.org.apache.xerces.internal.jaxp.SAXParserImpl$JAXPSAXParser.parse(SAXParserImpl.java:635)
	at org.apache.tomcat.util.digester.Digester.parse(Digester.java:1542)
	at org.apache.catalina.startup.HostConfig.deployDescriptor(HostConfig.java:667)
	at org.apache.catalina.startup.HostConfig$DeployDescriptor.run(HostConfig.java:2002)
	at java.base/java.util.concurrent.Executors$RunnableAdapter.call(Executors.java:515)
	at java.base/java.util.concurrent.FutureTask.run(FutureTask.java:264)
	at java.base/java.util.concurrent.ThreadPoolExecutor.runWorker(ThreadPoolExecutor.java:1128)
	at java.base/java.util.concurrent.ThreadPoolExecutor$Worker.run(ThreadPoolExecutor.java:628)
	at java.base/java.lang.Thread.run(Thread.java:834)

6月 18, 2021 10:03:03 下午 org.apache.catalina.startup.HostConfig deployDescriptor
严重: 部署描述符[/Users/lovixk/test/tomcat_notes/apache-tomcat-7.0.109/conf/Catalina/localhost/web3.xml]时出错
org.xml.sax.SAXParseException; lineNumber: 1; columnNumber: 1; 文件提前结束。
	at java.xml/com.sun.org.apache.xerces.internal.parsers.AbstractSAXParser.parse(AbstractSAXParser.java:1243)
	at java.xml/com.sun.org.apache.xerces.internal.jaxp.SAXParserImpl$JAXPSAXParser.parse(SAXParserImpl.java:635)
	at org.apache.tomcat.util.digester.Digester.parse(Digester.java:1542)
	at org.apache.catalina.startup.HostConfig.deployDescriptor(HostConfig.java:667)
	at org.apache.catalina.startup.HostConfig$DeployDescriptor.run(HostConfig.java:2002)
	at java.base/java.util.concurrent.Executors$RunnableAdapter.call(Executors.java:515)
	at java.base/java.util.concurrent.FutureTask.run(FutureTask.java:264)
	at java.base/java.util.concurrent.ThreadPoolExecutor.runWorker(ThreadPoolExecutor.java:1128)
	at java.base/java.util.concurrent.ThreadPoolExecutor$Worker.run(ThreadPoolExecutor.java:628)
	at java.base/java.lang.Thread.run(Thread.java:834)

6月 18, 2021 10:03:03 下午 org.apache.tomcat.util.digester.Digester fatalError
严重: Parse Fatal Error at line 1 column 1: 文件提前结束。
org.xml.sax.SAXParseException; systemId: file:/Users/lovixk/test/tomcat_notes/apache-tomcat-7.0.109/conf/Catalina/localhost/web3.xml; lineNumber: 1; columnNumber: 1; 文件提前结束。
	at java.xml/com.sun.org.apache.xerces.internal.util.ErrorHandlerWrapper.createSAXParseException(ErrorHandlerWrapper.java:204)
	at java.xml/com.sun.org.apache.xerces.internal.util.ErrorHandlerWrapper.fatalError(ErrorHandlerWrapper.java:178)
	at java.xml/com.sun.org.apache.xerces.internal.impl.XMLErrorReporter.reportError(XMLErrorReporter.java:400)
	at java.xml/com.sun.org.apache.xerces.internal.impl.XMLErrorReporter.reportError(XMLErrorReporter.java:327)
	at java.xml/com.sun.org.apache.xerces.internal.impl.XMLScanner.reportFatalError(XMLScanner.java:1471)
	at java.xml/com.sun.org.apache.xerces.internal.impl.XMLDocumentScannerImpl$PrologDriver.next(XMLDocumentScannerImpl.java:1013)
	at java.xml/com.sun.org.apache.xerces.internal.impl.XMLDocumentScannerImpl.next(XMLDocumentScannerImpl.java:605)
	at java.xml/com.sun.org.apache.xerces.internal.impl.XMLDocumentFragmentScannerImpl.scanDocument(XMLDocumentFragmentScannerImpl.java:534)
	at java.xml/com.sun.org.apache.xerces.internal.parsers.XML11Configuration.parse(XML11Configuration.java:888)
	at java.xml/com.sun.org.apache.xerces.internal.parsers.XML11Configuration.parse(XML11Configuration.java:824)
	at java.xml/com.sun.org.apache.xerces.internal.parsers.XMLParser.parse(XMLParser.java:141)
	at java.xml/com.sun.org.apache.xerces.internal.parsers.AbstractSAXParser.parse(AbstractSAXParser.java:1216)
	at java.xml/com.sun.org.apache.xerces.internal.jaxp.SAXParserImpl$JAXPSAXParser.parse(SAXParserImpl.java:635)
	at org.apache.tomcat.util.digester.Digester.parse(Digester.java:1525)
	at org.apache.catalina.startup.ContextConfig.processContextConfig(ContextConfig.java:649)
	at org.apache.catalina.startup.ContextConfig.contextConfig(ContextConfig.java:606)
	at org.apache.catalina.startup.ContextConfig.init(ContextConfig.java:849)
	at org.apache.catalina.startup.ContextConfig.lifecycleEvent(ContextConfig.java:400)
	at org.apache.catalina.util.LifecycleBase.fireLifecycleEvent(LifecycleBase.java:123)
	at org.apache.catalina.util.LifecycleBase.setStateInternal(LifecycleBase.java:423)
	at org.apache.catalina.util.LifecycleBase.init(LifecycleBase.java:137)
	at org.apache.catalina.util.LifecycleBase.start(LifecycleBase.java:173)
	at org.apache.catalina.core.ContainerBase.addChildInternal(ContainerBase.java:1007)
	at org.apache.catalina.core.ContainerBase.addChild(ContainerBase.java:983)
	at org.apache.catalina.core.StandardHost.addChild(StandardHost.java:639)
	at org.apache.catalina.startup.HostConfig.deployDescriptor(HostConfig.java:713)
	at org.apache.catalina.startup.HostConfig$DeployDescriptor.run(HostConfig.java:2002)
	at java.base/java.util.concurrent.Executors$RunnableAdapter.call(Executors.java:515)
	at java.base/java.util.concurrent.FutureTask.run(FutureTask.java:264)
	at java.base/java.util.concurrent.ThreadPoolExecutor.runWorker(ThreadPoolExecutor.java:1128)
	at java.base/java.util.concurrent.ThreadPoolExecutor$Worker.run(ThreadPoolExecutor.java:628)
	at java.base/java.lang.Thread.run(Thread.java:834)

6月 18, 2021 10:03:03 下午 org.apache.catalina.startup.ContextConfig processContextConfig
严重: 解析context.xml错误，[/web3]
org.xml.sax.SAXParseException; systemId: file:/Users/lovixk/test/tomcat_notes/apache-tomcat-7.0.109/conf/Catalina/localhost/web3.xml; lineNumber: 1; columnNumber: 1; 文件提前结束。
	at java.xml/com.sun.org.apache.xerces.internal.util.ErrorHandlerWrapper.createSAXParseException(ErrorHandlerWrapper.java:204)
	at java.xml/com.sun.org.apache.xerces.internal.util.ErrorHandlerWrapper.fatalError(ErrorHandlerWrapper.java:178)
	at java.xml/com.sun.org.apache.xerces.internal.impl.XMLErrorReporter.reportError(XMLErrorReporter.java:400)
	at java.xml/com.sun.org.apache.xerces.internal.impl.XMLErrorReporter.reportError(XMLErrorReporter.java:327)
	at java.xml/com.sun.org.apache.xerces.internal.impl.XMLScanner.reportFatalError(XMLScanner.java:1471)
	at java.xml/com.sun.org.apache.xerces.internal.impl.XMLDocumentScannerImpl$PrologDriver.next(XMLDocumentScannerImpl.java:1013)
	at java.xml/com.sun.org.apache.xerces.internal.impl.XMLDocumentScannerImpl.next(XMLDocumentScannerImpl.java:605)
	at java.xml/com.sun.org.apache.xerces.internal.impl.XMLDocumentFragmentScannerImpl.scanDocument(XMLDocumentFragmentScannerImpl.java:534)
	at java.xml/com.sun.org.apache.xerces.internal.parsers.XML11Configuration.parse(XML11Configuration.java:888)
	at java.xml/com.sun.org.apache.xerces.internal.parsers.XML11Configuration.parse(XML11Configuration.java:824)
	at java.xml/com.sun.org.apache.xerces.internal.parsers.XMLParser.parse(XMLParser.java:141)
	at java.xml/com.sun.org.apache.xerces.internal.parsers.AbstractSAXParser.parse(AbstractSAXParser.java:1216)
	at java.xml/com.sun.org.apache.xerces.internal.jaxp.SAXParserImpl$JAXPSAXParser.parse(SAXParserImpl.java:635)
	at org.apache.tomcat.util.digester.Digester.parse(Digester.java:1525)
	at org.apache.catalina.startup.ContextConfig.processContextConfig(ContextConfig.java:649)
	at org.apache.catalina.startup.ContextConfig.contextConfig(ContextConfig.java:606)
	at org.apache.catalina.startup.ContextConfig.init(ContextConfig.java:849)
	at org.apache.catalina.startup.ContextConfig.lifecycleEvent(ContextConfig.java:400)
	at org.apache.catalina.util.LifecycleBase.fireLifecycleEvent(LifecycleBase.java:123)
	at org.apache.catalina.util.LifecycleBase.setStateInternal(LifecycleBase.java:423)
	at org.apache.catalina.util.LifecycleBase.init(LifecycleBase.java:137)
	at org.apache.catalina.util.LifecycleBase.start(LifecycleBase.java:173)
	at org.apache.catalina.core.ContainerBase.addChildInternal(ContainerBase.java:1007)
	at org.apache.catalina.core.ContainerBase.addChild(ContainerBase.java:983)
	at org.apache.catalina.core.StandardHost.addChild(StandardHost.java:639)
	at org.apache.catalina.startup.HostConfig.deployDescriptor(HostConfig.java:713)
	at org.apache.catalina.startup.HostConfig$DeployDescriptor.run(HostConfig.java:2002)
	at java.base/java.util.concurrent.Executors$RunnableAdapter.call(Executors.java:515)
	at java.base/java.util.concurrent.FutureTask.run(FutureTask.java:264)
	at java.base/java.util.concurrent.ThreadPoolExecutor.runWorker(ThreadPoolExecutor.java:1128)
	at java.base/java.util.concurrent.ThreadPoolExecutor$Worker.run(ThreadPoolExecutor.java:628)
	at java.base/java.lang.Thread.run(Thread.java:834)

6月 18, 2021 10:03:03 下午 org.apache.catalina.startup.ContextConfig processContextConfig
严重: 发生在 [1] 行 [1] 列
6月 18, 2021 10:03:03 下午 org.apache.catalina.core.ContainerBase addChildInternal
严重: ContainerBase.addChild: start: 
org.apache.catalina.LifecycleException: 无法处理全局，每个主机或特定于上下文的context.xml文件，因此无法启动[/web3]上下文。
	at org.apache.catalina.startup.FailedContext.startInternal(FailedContext.java:158)
	at org.apache.catalina.util.LifecycleBase.start(LifecycleBase.java:183)
	at org.apache.catalina.core.ContainerBase.addChildInternal(ContainerBase.java:1007)
	at org.apache.catalina.core.ContainerBase.addChild(ContainerBase.java:983)
	at org.apache.catalina.core.StandardHost.addChild(StandardHost.java:639)
	at org.apache.catalina.startup.HostConfig.deployDescriptor(HostConfig.java:713)
	at org.apache.catalina.startup.HostConfig$DeployDescriptor.run(HostConfig.java:2002)
	at java.base/java.util.concurrent.Executors$RunnableAdapter.call(Executors.java:515)
	at java.base/java.util.concurrent.FutureTask.run(FutureTask.java:264)
	at java.base/java.util.concurrent.ThreadPoolExecutor.runWorker(ThreadPoolExecutor.java:1128)
	at java.base/java.util.concurrent.ThreadPoolExecutor$Worker.run(ThreadPoolExecutor.java:628)
	at java.base/java.lang.Thread.run(Thread.java:834)

6月 18, 2021 10:03:03 下午 org.apache.catalina.startup.HostConfig deployDescriptor
严重: 部署描述符[/Users/lovixk/test/tomcat_notes/apache-tomcat-7.0.109/conf/Catalina/localhost/web3.xml]时出错
java.lang.IllegalStateException: ContainerBase.addChild: start: org.apache.catalina.LifecycleException: 无法处理全局，每个主机或特定于上下文的context.xml文件，因此无法启动[/web3]上下文。
	at org.apache.catalina.core.ContainerBase.addChildInternal(ContainerBase.java:1011)
	at org.apache.catalina.core.ContainerBase.addChild(ContainerBase.java:983)
	at org.apache.catalina.core.StandardHost.addChild(StandardHost.java:639)
	at org.apache.catalina.startup.HostConfig.deployDescriptor(HostConfig.java:713)
	at org.apache.catalina.startup.HostConfig$DeployDescriptor.run(HostConfig.java:2002)
	at java.base/java.util.concurrent.Executors$RunnableAdapter.call(Executors.java:515)
	at java.base/java.util.concurrent.FutureTask.run(FutureTask.java:264)
	at java.base/java.util.concurrent.ThreadPoolExecutor.runWorker(ThreadPoolExecutor.java:1128)
	at java.base/java.util.concurrent.ThreadPoolExecutor$Worker.run(ThreadPoolExecutor.java:628)
	at java.base/java.lang.Thread.run(Thread.java:834)

6月 18, 2021 10:03:03 下午 org.apache.catalina.startup.HostConfig deployDescriptor
信息: 部署描述符[/Users/lovixk/test/tomcat_notes/apache-tomcat-7.0.109/conf/Catalina/localhost/web3.xml]的部署已在[87]ms内完成
6月 18, 2021 10:03:23 下午 org.apache.catalina.startup.HostConfig undeploy
信息: 正在取消部署上下文[/web3]
6月 18, 2021 10:03:23 下午 org.apache.catalina.startup.HostConfig deployDescriptor
信息: 正在部署部署描述符[/Users/lovixk/test/tomcat_notes/apache-tomcat-7.0.109/conf/Catalina/localhost/web3.xml]。
6月 18, 2021 10:03:23 下午 org.apache.catalina.startup.HostConfig deployDescriptor
信息: 部署描述符[/Users/lovixk/test/tomcat_notes/apache-tomcat-7.0.109/conf/Catalina/localhost/web3.xml]的部署已在[83]ms内完成
6月 18, 2021 10:03:43 下午 org.apache.catalina.startup.HostConfig undeploy
信息: 正在取消部署上下文[/web3]
6月 18, 2021 10:03:43 下午 org.apache.catalina.startup.HostConfig deployDescriptor
信息: 正在部署部署描述符[/Users/lovixk/test/tomcat_notes/apache-tomcat-7.0.109/conf/Catalina/localhost/web3.xml]。
6月 18, 2021 10:03:43 下午 org.apache.catalina.startup.HostConfig deployDescriptor
信息: 部署描述符[/Users/lovixk/test/tomcat_notes/apache-tomcat-7.0.109/conf/Catalina/localhost/web3.xml]的部署已在[55]ms内完成
6月 18, 2021 10:03:45 下午 org.apache.catalina.core.StandardServer await
信息: 通过关闭端口接收到有效的关闭命令。正在停止服务器实例。
6月 18, 2021 10:03:45 下午 org.apache.coyote.AbstractProtocol pause
信息: 暂停ProtocolHandler["http-bio-8080"]
6月 18, 2021 10:03:45 下午 org.apache.catalina.core.StandardService stopInternal
信息: 正在停止服务[Catalina]
6月 18, 2021 10:03:45 下午 org.apache.coyote.AbstractProtocol stop
信息: 正在停止ProtocolHandler ["http-bio-8080"]
6月 18, 2021 10:03:45 下午 org.apache.coyote.AbstractProtocol destroy
信息: 正在摧毁协议处理器 ["http-bio-8080"]
6月 18, 2021 10:03:52 下午 org.apache.catalina.core.StandardContext setPath
警告: 上下文路径必须是空字符串或以'/'开头，而不能以'/'结尾。路径[web2]不符合这些条件，已更改为[/web2]
6月 18, 2021 10:03:52 下午 org.apache.catalina.startup.VersionLoggerListener log
信息: Server.服务器版本: Apache Tomcat/7.0.109
6月 18, 2021 10:03:52 下午 org.apache.catalina.startup.VersionLoggerListener log
信息: 服务器构建:        Apr 22 2021 18:43:38 UTC
6月 18, 2021 10:03:52 下午 org.apache.catalina.startup.VersionLoggerListener log
信息: 服务器版本号:      7.0.109.0
6月 18, 2021 10:03:52 下午 org.apache.catalina.startup.VersionLoggerListener log
信息: 操作系统名称:      Mac OS X
6月 18, 2021 10:03:52 下午 org.apache.catalina.startup.VersionLoggerListener log
信息: OS.版本:           10.16
6月 18, 2021 10:03:52 下午 org.apache.catalina.startup.VersionLoggerListener log
信息: 架构:              x86_64
6月 18, 2021 10:03:52 下午 org.apache.catalina.startup.VersionLoggerListener log
信息: Java 环境变量:     /Library/Java/JavaVirtualMachines/jdk-11.0.11.jdk/Contents/Home
6月 18, 2021 10:03:52 下午 org.apache.catalina.startup.VersionLoggerListener log
信息: Java虚拟机版本:    11.0.11+9-LTS-194
6月 18, 2021 10:03:52 下午 org.apache.catalina.startup.VersionLoggerListener log
信息: JVM.供应商:        Oracle Corporation
6月 18, 2021 10:03:52 下午 org.apache.catalina.startup.VersionLoggerListener log
信息: CATALINA_BASE:     /Users/lovixk/test/tomcat_notes/apache-tomcat-7.0.109
6月 18, 2021 10:03:52 下午 org.apache.catalina.startup.VersionLoggerListener log
信息: CATALINA_HOME:     /Users/lovixk/test/tomcat_notes/apache-tomcat-7.0.109
6月 18, 2021 10:03:52 下午 org.apache.catalina.startup.VersionLoggerListener log
信息: 命令行参数：       --add-opens=java.base/java.lang=ALL-UNNAMED
6月 18, 2021 10:03:52 下午 org.apache.catalina.startup.VersionLoggerListener log
信息: 命令行参数：       --add-opens=java.base/java.io=ALL-UNNAMED
6月 18, 2021 10:03:52 下午 org.apache.catalina.startup.VersionLoggerListener log
信息: 命令行参数：       --add-opens=java.base/java.util=ALL-UNNAMED
6月 18, 2021 10:03:52 下午 org.apache.catalina.startup.VersionLoggerListener log
信息: 命令行参数：       --add-opens=java.base/java.util.concurrent=ALL-UNNAMED
6月 18, 2021 10:03:52 下午 org.apache.catalina.startup.VersionLoggerListener log
信息: 命令行参数：       --add-opens=java.rmi/sun.rmi.transport=ALL-UNNAMED
6月 18, 2021 10:03:52 下午 org.apache.catalina.startup.VersionLoggerListener log
信息: 命令行参数：       -Djava.util.logging.config.file=/Users/lovixk/test/tomcat_notes/apache-tomcat-7.0.109/conf/logging.properties
6月 18, 2021 10:03:52 下午 org.apache.catalina.startup.VersionLoggerListener log
信息: 命令行参数：       -Djava.util.logging.manager=org.apache.juli.ClassLoaderLogManager
6月 18, 2021 10:03:52 下午 org.apache.catalina.startup.VersionLoggerListener log
信息: 命令行参数：       -Djdk.tls.ephemeralDHKeySize=2048
6月 18, 2021 10:03:52 下午 org.apache.catalina.startup.VersionLoggerListener log
信息: 命令行参数：       -Dorg.apache.catalina.security.SecurityListener.UMASK=0027
6月 18, 2021 10:03:52 下午 org.apache.catalina.startup.VersionLoggerListener log
信息: 命令行参数：       -Dignore.endorsed.dirs=
6月 18, 2021 10:03:52 下午 org.apache.catalina.startup.VersionLoggerListener log
信息: 命令行参数：       -Dcatalina.base=/Users/lovixk/test/tomcat_notes/apache-tomcat-7.0.109
6月 18, 2021 10:03:52 下午 org.apache.catalina.startup.VersionLoggerListener log
信息: 命令行参数：       -Dcatalina.home=/Users/lovixk/test/tomcat_notes/apache-tomcat-7.0.109
6月 18, 2021 10:03:52 下午 org.apache.catalina.startup.VersionLoggerListener log
信息: 命令行参数：       -Djava.io.tmpdir=/Users/lovixk/test/tomcat_notes/apache-tomcat-7.0.109/temp
6月 18, 2021 10:03:52 下午 org.apache.catalina.core.AprLifecycleListener lifecycleEvent
信息: 在java.library.path:[/Users/lovixk/Library/Java/Extensions:/Library/Java/Extensions:/Network/Library/Java/Extensions:/System/Library/Java/Extensions:/usr/lib/java:.]上找不到基于APR的Apache Tomcat本机库，该库允许在生产环境中获得最佳性能
6月 18, 2021 10:03:52 下午 org.apache.coyote.AbstractProtocol init
信息: 初始化协议处理器 ["http-bio-8080"]
6月 18, 2021 10:03:52 下午 org.apache.catalina.startup.Catalina load
信息: Initialization processed in 1296 ms
6月 18, 2021 10:03:52 下午 org.apache.catalina.core.StandardService startInternal
信息: 正在启动服务[Catalina]
6月 18, 2021 10:03:52 下午 org.apache.catalina.core.StandardEngine startInternal
信息: Starting Servlet Engine: Apache Tomcat/7.0.109
6月 18, 2021 10:03:53 下午 org.apache.catalina.startup.HostConfig deployDescriptor
信息: 正在部署部署描述符[/Users/lovixk/test/tomcat_notes/apache-tomcat-7.0.109/conf/Catalina/localhost/web3.xml]。
6月 18, 2021 10:03:53 下午 org.apache.catalina.startup.HostConfig deployDescriptor
信息: 部署描述符[/Users/lovixk/test/tomcat_notes/apache-tomcat-7.0.109/conf/Catalina/localhost/web3.xml]的部署已在[138]ms内完成
6月 18, 2021 10:03:53 下午 org.apache.catalina.startup.HostConfig deployDirectory
信息: 把web 应用程序部署到目录 [/Users/lovixk/test/tomcat_notes/apache-tomcat-7.0.109/webapps/docs]
6月 18, 2021 10:03:53 下午 org.apache.catalina.startup.HostConfig deployDirectory
信息: Web应用程序目录[/Users/lovixk/test/tomcat_notes/apache-tomcat-7.0.109/webapps/docs]的部署已在[82]毫秒内完成
6月 18, 2021 10:03:53 下午 org.apache.catalina.startup.HostConfig deployDirectory
信息: 把web 应用程序部署到目录 [/Users/lovixk/test/tomcat_notes/apache-tomcat-7.0.109/webapps/manager]
6月 18, 2021 10:03:54 下午 org.apache.catalina.startup.HostConfig deployDirectory
信息: Web应用程序目录[/Users/lovixk/test/tomcat_notes/apache-tomcat-7.0.109/webapps/manager]的部署已在[112]毫秒内完成
6月 18, 2021 10:03:54 下午 org.apache.catalina.startup.HostConfig deployDirectory
信息: 把web 应用程序部署到目录 [/Users/lovixk/test/tomcat_notes/apache-tomcat-7.0.109/webapps/examples]
6月 18, 2021 10:03:54 下午 org.apache.catalina.startup.HostConfig deployDirectory
信息: Web应用程序目录[/Users/lovixk/test/tomcat_notes/apache-tomcat-7.0.109/webapps/examples]的部署已在[484]毫秒内完成
6月 18, 2021 10:03:54 下午 org.apache.catalina.startup.HostConfig deployDirectory
信息: 把web 应用程序部署到目录 [/Users/lovixk/test/tomcat_notes/apache-tomcat-7.0.109/webapps/ROOT]
6月 18, 2021 10:03:54 下午 org.apache.catalina.startup.HostConfig deployDirectory
信息: Web应用程序目录[/Users/lovixk/test/tomcat_notes/apache-tomcat-7.0.109/webapps/ROOT]的部署已在[60]毫秒内完成
6月 18, 2021 10:03:54 下午 org.apache.catalina.startup.HostConfig deployDirectory
信息: 把web 应用程序部署到目录 [/Users/lovixk/test/tomcat_notes/apache-tomcat-7.0.109/webapps/host-manager]
6月 18, 2021 10:03:54 下午 org.apache.catalina.startup.HostConfig deployDirectory
信息: Web应用程序目录[/Users/lovixk/test/tomcat_notes/apache-tomcat-7.0.109/webapps/host-manager]的部署已在[49]毫秒内完成
6月 18, 2021 10:03:54 下午 org.apache.catalina.startup.HostConfig deployDirectory
信息: 把web 应用程序部署到目录 [/Users/lovixk/test/tomcat_notes/apache-tomcat-7.0.109/webapps/web1]
6月 18, 2021 10:03:54 下午 org.apache.catalina.startup.HostConfig deployDirectory
信息: Web应用程序目录[/Users/lovixk/test/tomcat_notes/apache-tomcat-7.0.109/webapps/web1]的部署已在[39]毫秒内完成
6月 18, 2021 10:03:54 下午 org.apache.coyote.AbstractProtocol start
信息: 开始协议处理句柄["http-bio-8080"]
6月 18, 2021 10:03:54 下午 org.apache.catalina.startup.Catalina start
信息: Server startup in 2074 ms
